[debug] [2024-09-08T10:31:39.032Z] ----------------------------------------------------------------------
[debug] [2024-09-08T10:31:39.036Z] Command:       /Users/helenegoyat/.nvm/versions/node/v18.16.1/bin/node /Users/helenegoyat/.nvm/versions/node/v18.16.1/bin/firebase deploy
[debug] [2024-09-08T10:31:39.036Z] CLI Version:   13.16.0
[debug] [2024-09-08T10:31:39.037Z] Platform:      darwin
[debug] [2024-09-08T10:31:39.037Z] Node Version:  v18.16.1
[debug] [2024-09-08T10:31:39.038Z] Time:          Sun Sep 08 2024 12:31:39 GMT+0200 (Central European Summer Time)
[debug] [2024-09-08T10:31:39.038Z] ----------------------------------------------------------------------
[debug] 
[debug] [2024-09-08T10:31:39.043Z] >>> [apiv2][query] GET https://firebase-public.firebaseio.com/cli.json [none]
[debug] [2024-09-08T10:31:39.147Z] > command requires scopes: ["email","openid","https://www.googleapis.com/auth/cloudplatformprojects.readonly","https://www.googleapis.com/auth/firebase","https://www.googleapis.com/auth/cloud-platform"]
[debug] [2024-09-08T10:31:39.147Z] > authorizing via signed-in user (helene.goyat@haloonie.com)
[debug] [2024-09-08T10:31:39.148Z] [iam] checking project haloonie-dev-2024 for permissions ["firebase.projects.get","firebasehosting.sites.update"]
[debug] [2024-09-08T10:31:39.148Z] > refreshing access token with scopes: []
[debug] [2024-09-08T10:31:39.149Z] >>> [apiv2][query] POST https://www.googleapis.com/oauth2/v3/token [none]
[debug] [2024-09-08T10:31:39.149Z] >>> [apiv2][body] POST https://www.googleapis.com/oauth2/v3/token [omitted]
[debug] [2024-09-08T10:31:39.298Z] <<< [apiv2][status] POST https://www.googleapis.com/oauth2/v3/token 400
[debug] [2024-09-08T10:31:39.298Z] <<< [apiv2][body] POST https://www.googleapis.com/oauth2/v3/token [omitted]
[debug] [2024-09-08T10:31:39.299Z] [iam] error while checking permissions, command may fail: FirebaseError: Authentication Error: Your credentials are no longer valid. Please run firebase login --reauth

For CI servers and headless environments, generate a new token with firebase login:ci
[debug] [2024-09-08T10:31:39.300Z] > refreshing access token with scopes: []
[debug] [2024-09-08T10:31:39.300Z] >>> [apiv2][query] POST https://www.googleapis.com/oauth2/v3/token [none]
[debug] [2024-09-08T10:31:39.300Z] >>> [apiv2][body] POST https://www.googleapis.com/oauth2/v3/token [omitted]
[debug] [2024-09-08T10:31:39.403Z] <<< [apiv2][status] POST https://www.googleapis.com/oauth2/v3/token 400
[debug] [2024-09-08T10:31:39.403Z] <<< [apiv2][body] POST https://www.googleapis.com/oauth2/v3/token [omitted]
[debug] [2024-09-08T10:31:39.404Z] Authentication Error: Your credentials are no longer valid. Please run firebase login --reauth

For CI servers and headless environments, generate a new token with firebase login:ci
[error] 
[error] Error: Assertion failed: resolving hosting target of a site with no site name or target name. This should have caused an error earlier
[debug] [2024-09-08T10:31:39.414Z] <<< [apiv2][status] GET https://firebase-public.firebaseio.com/cli.json 200
[debug] [2024-09-08T10:31:39.414Z] <<< [apiv2][body] GET https://firebase-public.firebaseio.com/cli.json {"cloudBuildErrorAfter":1594252800000,"cloudBuildWarnAfter":1590019200000,"defaultNode10After":1594252800000,"minVersion":"3.0.5","node8DeploysDisabledAfter":1613390400000,"node8RuntimeDisabledAfter":1615809600000,"node8WarnAfter":1600128000000}
[debug] [2024-09-08T10:32:06.434Z] ----------------------------------------------------------------------
[debug] [2024-09-08T10:32:06.435Z] Command:       /Users/helenegoyat/.nvm/versions/node/v18.16.1/bin/node /Users/helenegoyat/.nvm/versions/node/v18.16.1/bin/firebase serve
[debug] [2024-09-08T10:32:06.435Z] CLI Version:   13.16.0
[debug] [2024-09-08T10:32:06.436Z] Platform:      darwin
[debug] [2024-09-08T10:32:06.436Z] Node Version:  v18.16.1
[debug] [2024-09-08T10:32:06.437Z] Time:          Sun Sep 08 2024 12:32:06 GMT+0200 (Central European Summer Time)
[debug] [2024-09-08T10:32:06.437Z] ----------------------------------------------------------------------
[debug] 
[debug] [2024-09-08T10:32:06.490Z] > command requires scopes: ["email","openid","https://www.googleapis.com/auth/cloudplatformprojects.readonly","https://www.googleapis.com/auth/firebase","https://www.googleapis.com/auth/cloud-platform"]
[debug] [2024-09-08T10:32:06.490Z] > authorizing via signed-in user (helene.goyat@haloonie.com)
[debug] [2024-09-08T10:32:06.490Z] [iam] checking project haloonie-dev-2024 for permissions ["firebase.projects.get"]
[debug] [2024-09-08T10:32:06.492Z] > refreshing access token with scopes: []
[debug] [2024-09-08T10:32:06.493Z] >>> [apiv2][query] POST https://www.googleapis.com/oauth2/v3/token [none]
[debug] [2024-09-08T10:32:06.493Z] >>> [apiv2][body] POST https://www.googleapis.com/oauth2/v3/token [omitted]
[debug] [2024-09-08T10:32:06.642Z] <<< [apiv2][status] POST https://www.googleapis.com/oauth2/v3/token 400
[debug] [2024-09-08T10:32:06.642Z] <<< [apiv2][body] POST https://www.googleapis.com/oauth2/v3/token [omitted]
[debug] [2024-09-08T10:32:06.643Z] [iam] error while checking permissions, command may fail: FirebaseError: Authentication Error: Your credentials are no longer valid. Please run firebase login --reauth

For CI servers and headless environments, generate a new token with firebase login:ci
[debug] [2024-09-08T10:32:06.643Z] > refreshing access token with scopes: []
[debug] [2024-09-08T10:32:06.644Z] >>> [apiv2][query] POST https://www.googleapis.com/oauth2/v3/token [none]
[debug] [2024-09-08T10:32:06.644Z] >>> [apiv2][body] POST https://www.googleapis.com/oauth2/v3/token [omitted]
[debug] [2024-09-08T10:32:06.741Z] <<< [apiv2][status] POST https://www.googleapis.com/oauth2/v3/token 400
[debug] [2024-09-08T10:32:06.741Z] <<< [apiv2][body] POST https://www.googleapis.com/oauth2/v3/token [omitted]
[debug] [2024-09-08T10:32:06.741Z] Authentication Error: Your credentials are no longer valid. Please run firebase login --reauth

For CI servers and headless environments, generate a new token with firebase login:ci
[debug] [2024-09-08T10:32:06.745Z] FirebaseError: Authentication Error: Your credentials are no longer valid. Please run firebase login --reauth

For CI servers and headless environments, generate a new token with firebase login:ci
    at invalidCredentialError (/Users/helenegoyat/.nvm/versions/node/v18.16.1/lib/node_modules/firebase-tools/lib/auth.js:140:12)
    at refreshTokens (/Users/helenegoyat/.nvm/versions/node/v18.16.1/lib/node_modules/firebase-tools/lib/auth.js:514:15)
    at process.processTicksAndRejections (node:internal/process/task_queues:95:5)
    at async getAccessToken (/Users/helenegoyat/.nvm/versions/node/v18.16.1/lib/node_modules/firebase-tools/lib/apiv2.js:40:18)
    at async Client.addAuthHeader (/Users/helenegoyat/.nvm/versions/node/v18.16.1/lib/node_modules/firebase-tools/lib/apiv2.js:167:21)
    at async Client.request (/Users/helenegoyat/.nvm/versions/node/v18.16.1/lib/node_modules/firebase-tools/lib/apiv2.js:118:34)
    at async getFirebaseProject (/Users/helenegoyat/.nvm/versions/node/v18.16.1/lib/node_modules/firebase-tools/lib/management/projects.js:295:21)
    at async needProjectNumber (/Users/helenegoyat/.nvm/versions/node/v18.16.1/lib/node_modules/firebase-tools/lib/projectUtils.js:46:22)
    at async /Users/helenegoyat/.nvm/versions/node/v18.16.1/lib/node_modules/firebase-tools/lib/command.js:226:17
[error] 
[error] Error: Failed to get Firebase project haloonie-dev-2024. Please make sure the project exists and your account has permission to access it.
[debug] [2024-09-08T10:34:46.069Z] ----------------------------------------------------------------------
[debug] [2024-09-08T10:34:46.071Z] Command:       /Users/helenegoyat/.nvm/versions/node/v18.16.1/bin/node /Users/helenegoyat/.nvm/versions/node/v18.16.1/bin/firebase deploy
[debug] [2024-09-08T10:34:46.071Z] CLI Version:   13.16.0
[debug] [2024-09-08T10:34:46.071Z] Platform:      darwin
[debug] [2024-09-08T10:34:46.071Z] Node Version:  v18.16.1
[debug] [2024-09-08T10:34:46.072Z] Time:          Sun Sep 08 2024 12:34:46 GMT+0200 (Central European Summer Time)
[debug] [2024-09-08T10:34:46.072Z] ----------------------------------------------------------------------
[debug] 
[debug] [2024-09-08T10:34:46.128Z] > command requires scopes: ["email","openid","https://www.googleapis.com/auth/cloudplatformprojects.readonly","https://www.googleapis.com/auth/firebase","https://www.googleapis.com/auth/cloud-platform"]
[debug] [2024-09-08T10:34:46.128Z] > authorizing via signed-in user (helene.goyat@haloonie.com)
[debug] [2024-09-08T10:34:46.128Z] [iam] checking project haloonie-dev-2024 for permissions ["firebase.projects.get","firebasehosting.sites.update"]
[debug] [2024-09-08T10:34:46.129Z] > refreshing access token with scopes: []
[debug] [2024-09-08T10:34:46.131Z] >>> [apiv2][query] POST https://www.googleapis.com/oauth2/v3/token [none]
[debug] [2024-09-08T10:34:46.131Z] >>> [apiv2][body] POST https://www.googleapis.com/oauth2/v3/token [omitted]
[debug] [2024-09-08T10:34:46.304Z] <<< [apiv2][status] POST https://www.googleapis.com/oauth2/v3/token 400
[debug] [2024-09-08T10:34:46.304Z] <<< [apiv2][body] POST https://www.googleapis.com/oauth2/v3/token [omitted]
[debug] [2024-09-08T10:34:46.305Z] [iam] error while checking permissions, command may fail: FirebaseError: Authentication Error: Your credentials are no longer valid. Please run firebase login --reauth

For CI servers and headless environments, generate a new token with firebase login:ci
[debug] [2024-09-08T10:34:46.305Z] > refreshing access token with scopes: []
[debug] [2024-09-08T10:34:46.306Z] >>> [apiv2][query] POST https://www.googleapis.com/oauth2/v3/token [none]
[debug] [2024-09-08T10:34:46.306Z] >>> [apiv2][body] POST https://www.googleapis.com/oauth2/v3/token [omitted]
[debug] [2024-09-08T10:34:46.409Z] <<< [apiv2][status] POST https://www.googleapis.com/oauth2/v3/token 400
[debug] [2024-09-08T10:34:46.409Z] <<< [apiv2][body] POST https://www.googleapis.com/oauth2/v3/token [omitted]
[debug] [2024-09-08T10:34:46.409Z] Authentication Error: Your credentials are no longer valid. Please run firebase login --reauth

For CI servers and headless environments, generate a new token with firebase login:ci
[error] 
[error] Error: Assertion failed: resolving hosting target of a site with no site name or target name. This should have caused an error earlier
